WARNING:py.warnings:C:\Users\admin\AppData\Local\Packages\PythonSoftwareFoundation.Python.3.10_qbz5n2kfra8p0\LocalCache\local-packages\Python310\site-packages\past\builtins\misc.py:45: DeprecationWarning: the imp module is deprecated in favour of importlib and slated for removal in Python 3.12; see the module's documentation for alternative uses
  from imp import reload

WARNING:py.warnings:C:\Users\admin\AppData\Local\Packages\PythonSoftwareFoundation.Python.3.10_qbz5n2kfra8p0\LocalCache\local-packages\Python310\site-packages\keras\utils\image_utils.py:36: DeprecationWarning: NEAREST is deprecated and will be removed in Pillow 10 (2023-07-01). Use Resampling.NEAREST or Dither.NONE instead.
  'nearest': pil_image.NEAREST,

WARNING:py.warnings:C:\Users\admin\AppData\Local\Packages\PythonSoftwareFoundation.Python.3.10_qbz5n2kfra8p0\LocalCache\local-packages\Python310\site-packages\keras\utils\image_utils.py:37: DeprecationWarning: BILINEAR is deprecated and will be removed in Pillow 10 (2023-07-01). Use Resampling.BILINEAR instead.
  'bilinear': pil_image.BILINEAR,

WARNING:py.warnings:C:\Users\admin\AppData\Local\Packages\PythonSoftwareFoundation.Python.3.10_qbz5n2kfra8p0\LocalCache\local-packages\Python310\site-packages\keras\utils\image_utils.py:38: DeprecationWarning: BICUBIC is deprecated and will be removed in Pillow 10 (2023-07-01). Use Resampling.BICUBIC instead.
  'bicubic': pil_image.BICUBIC,

WARNING:py.warnings:C:\Users\admin\AppData\Local\Packages\PythonSoftwareFoundation.Python.3.10_qbz5n2kfra8p0\LocalCache\local-packages\Python310\site-packages\keras\utils\image_utils.py:39: DeprecationWarning: HAMMING is deprecated and will be removed in Pillow 10 (2023-07-01). Use Resampling.HAMMING instead.
  'hamming': pil_image.HAMMING,

WARNING:py.warnings:C:\Users\admin\AppData\Local\Packages\PythonSoftwareFoundation.Python.3.10_qbz5n2kfra8p0\LocalCache\local-packages\Python310\site-packages\keras\utils\image_utils.py:40: DeprecationWarning: BOX is deprecated and will be removed in Pillow 10 (2023-07-01). Use Resampling.BOX instead.
  'box': pil_image.BOX,

WARNING:py.warnings:C:\Users\admin\AppData\Local\Packages\PythonSoftwareFoundation.Python.3.10_qbz5n2kfra8p0\LocalCache\local-packages\Python310\site-packages\keras\utils\image_utils.py:41: DeprecationWarning: LANCZOS is deprecated and will be removed in Pillow 10 (2023-07-01). Use Resampling.LANCZOS instead.
  'lanczos': pil_image.LANCZOS,

WARNING:tensorflow:5 out of the last 5 calls to <function Model.make_predict_function.<locals>.predict_function at 0x000002116E269120> triggered tf.function retracing. Tracing is expensive and the excessive number of tracings could be due to (1) creating @tf.function repeatedly in a loop, (2) passing tensors with different shapes, (3) passing Python objects instead of tensors. For (1), please define your @tf.function outside of the loop. For (2), @tf.function has reduce_retracing=True option that can avoid unnecessary retracing. For (3), please refer to https://www.tensorflow.org/guide/function#controlling_retracing and https://www.tensorflow.org/api_docs/python/tf/function for  more details.
WARNING:tensorflow:6 out of the last 6 calls to <function Model.make_predict_function.<locals>.predict_function at 0x000002116C7F9510> triggered tf.function retracing. Tracing is expensive and the excessive number of tracings could be due to (1) creating @tf.function repeatedly in a loop, (2) passing tensors with different shapes, (3) passing Python objects instead of tensors. For (1), please define your @tf.function outside of the loop. For (2), @tf.function has reduce_retracing=True option that can avoid unnecessary retracing. For (3), please refer to https://www.tensorflow.org/guide/function#controlling_retracing and https://www.tensorflow.org/api_docs/python/tf/function for  more details.
WARNING:py.warnings:<>:52: DeprecationWarning: invalid escape sequence '\h'

WARNING:py.warnings:<>:60: DeprecationWarning: invalid escape sequence '\h'

WARNING:py.warnings:<>:52: DeprecationWarning: invalid escape sequence '\h'

WARNING:py.warnings:<>:60: DeprecationWarning: invalid escape sequence '\h'

WARNING:py.warnings:C:\Users\admin\AppData\Local\Temp\ipykernel_11248\2697066217.py:52: DeprecationWarning: invalid escape sequence '\h'
  plt.ylabel("예측 Price : $\hat{Y}_i$")

WARNING:py.warnings:C:\Users\admin\AppData\Local\Temp\ipykernel_11248\2697066217.py:60: DeprecationWarning: invalid escape sequence '\h'
  plt.ylabel("예측 Price: $\hat{Y}_i$")

WARNING:matplotlib.font_manager:findfont: Font family ['NanumGothic'] not found. Falling back to DejaVu Sans.
WARNING:matplotlib.font_manager:findfont: Font family ['NanumGothic'] not found. Falling back to DejaVu Sans.
WARNING:matplotlib.mathtext:Font 'default' does not have a glyph for '\uc2e4' [U+c2e4], substituting with a dummy symbol.
WARNING:matplotlib.mathtext:Font 'default' does not have a glyph for '\uc81c' [U+c81c], substituting with a dummy symbol.
WARNING:matplotlib.mathtext:Font 'default' does not have a glyph for '\uc608' [U+c608], substituting with a dummy symbol.
WARNING:matplotlib.mathtext:Font 'default' does not have a glyph for '\uce21' [U+ce21], substituting with a dummy symbol.
WARNING:matplotlib.font_manager:findfont: Font family ['NanumGothic'] not found. Falling back to DejaVu Sans.
WARNING:matplotlib.mathtext:Font 'default' does not have a glyph for '\uc608' [U+c608], substituting with a dummy symbol.
WARNING:matplotlib.mathtext:Font 'default' does not have a glyph for '\uce21' [U+ce21], substituting with a dummy symbol.
WARNING:matplotlib.mathtext:Font 'default' does not have a glyph for '\uc2e4' [U+c2e4], substituting with a dummy symbol.
WARNING:matplotlib.mathtext:Font 'default' does not have a glyph for '\uc81c' [U+c81c], substituting with a dummy symbol.
WARNING:matplotlib.mathtext:Font 'default' does not have a glyph for '\uc608' [U+c608], substituting with a dummy symbol.
WARNING:matplotlib.mathtext:Font 'default' does not have a glyph for '\uce21' [U+ce21], substituting with a dummy symbol.
WARNING:matplotlib.mathtext:Font 'default' does not have a glyph for '\uc608' [U+c608], substituting with a dummy symbol.
WARNING:matplotlib.mathtext:Font 'default' does not have a glyph for '\uce21' [U+ce21], substituting with a dummy symbol.
WARNING:matplotlib.mathtext:Font 'default' does not have a glyph for '\uc2e4' [U+c2e4], substituting with a dummy symbol.
WARNING:matplotlib.mathtext:Font 'default' does not have a glyph for '\uc81c' [U+c81c], substituting with a dummy symbol.
WARNING:matplotlib.mathtext:Font 'default' does not have a glyph for '\uc608' [U+c608], substituting with a dummy symbol.
WARNING:matplotlib.mathtext:Font 'default' does not have a glyph for '\uce21' [U+ce21], substituting with a dummy symbol.
WARNING:matplotlib.mathtext:Font 'default' does not have a glyph for '\uc608' [U+c608], substituting with a dummy symbol.
WARNING:matplotlib.mathtext:Font 'default' does not have a glyph for '\uce21' [U+ce21], substituting with a dummy symbol.
WARNING:matplotlib.mathtext:Font 'default' does not have a glyph for '\uc2e4' [U+c2e4], substituting with a dummy symbol.
WARNING:matplotlib.mathtext:Font 'default' does not have a glyph for '\uc81c' [U+c81c], substituting with a dummy symbol.
WARNING:matplotlib.mathtext:Font 'default' does not have a glyph for '\uc608' [U+c608], substituting with a dummy symbol.
WARNING:matplotlib.mathtext:Font 'default' does not have a glyph for '\uce21' [U+ce21], substituting with a dummy symbol.
WARNING:matplotlib.mathtext:Font 'default' does not have a glyph for '\uc608' [U+c608], substituting with a dummy symbol.
WARNING:matplotlib.mathtext:Font 'default' does not have a glyph for '\uce21' [U+ce21], substituting with a dummy symbol.
WARNING:matplotlib.mathtext:Font 'default' does not have a glyph for '\uc2e4' [U+c2e4], substituting with a dummy symbol.
WARNING:matplotlib.mathtext:Font 'default' does not have a glyph for '\uc81c' [U+c81c], substituting with a dummy symbol.
WARNING:matplotlib.mathtext:Font 'default' does not have a glyph for '\uc608' [U+c608], substituting with a dummy symbol.
WARNING:matplotlib.mathtext:Font 'default' does not have a glyph for '\uce21' [U+ce21], substituting with a dummy symbol.
WARNING:matplotlib.mathtext:Font 'default' does not have a glyph for '\uc608' [U+c608], substituting with a dummy symbol.
WARNING:matplotlib.mathtext:Font 'default' does not have a glyph for '\uce21' [U+ce21], substituting with a dummy symbol.
WARNING:matplotlib.mathtext:Font 'default' does not have a glyph for '\uc2e4' [U+c2e4], substituting with a dummy symbol.
WARNING:matplotlib.mathtext:Font 'default' does not have a glyph for '\uc81c' [U+c81c], substituting with a dummy symbol.
WARNING:matplotlib.mathtext:Font 'default' does not have a glyph for '\uc608' [U+c608], substituting with a dummy symbol.
WARNING:matplotlib.mathtext:Font 'default' does not have a glyph for '\uce21' [U+ce21], substituting with a dummy symbol.
WARNING:matplotlib.mathtext:Font 'default' does not have a glyph for '\uc608' [U+c608], substituting with a dummy symbol.
WARNING:matplotlib.mathtext:Font 'default' does not have a glyph for '\uce21' [U+ce21], substituting with a dummy symbol.
WARNING:matplotlib.mathtext:Font 'default' does not have a glyph for '\uc2e4' [U+c2e4], substituting with a dummy symbol.
WARNING:matplotlib.mathtext:Font 'default' does not have a glyph for '\uc81c' [U+c81c], substituting with a dummy symbol.
WARNING:matplotlib.mathtext:Font 'default' does not have a glyph for '\uc608' [U+c608], substituting with a dummy symbol.
WARNING:matplotlib.mathtext:Font 'default' does not have a glyph for '\uce21' [U+ce21], substituting with a dummy symbol.
WARNING:matplotlib.mathtext:Font 'default' does not have a glyph for '\uc608' [U+c608], substituting with a dummy symbol.
WARNING:matplotlib.mathtext:Font 'default' does not have a glyph for '\uce21' [U+ce21], substituting with a dummy symbol.
WARNING:matplotlib.mathtext:Font 'default' does not have a glyph for '\uc2e4' [U+c2e4], substituting with a dummy symbol.
WARNING:matplotlib.mathtext:Font 'default' does not have a glyph for '\uc81c' [U+c81c], substituting with a dummy symbol.
WARNING:matplotlib.mathtext:Font 'default' does not have a glyph for '\uc608' [U+c608], substituting with a dummy symbol.
WARNING:matplotlib.mathtext:Font 'default' does not have a glyph for '\uce21' [U+ce21], substituting with a dummy symbol.
WARNING:matplotlib.mathtext:Font 'default' does not have a glyph for '\uc608' [U+c608], substituting with a dummy symbol.
WARNING:matplotlib.mathtext:Font 'default' does not have a glyph for '\uce21' [U+ce21], substituting with a dummy symbol.
WARNING:matplotlib.mathtext:Font 'default' does not have a glyph for '\uc2e4' [U+c2e4], substituting with a dummy symbol.
WARNING:matplotlib.mathtext:Font 'default' does not have a glyph for '\uc81c' [U+c81c], substituting with a dummy symbol.
WARNING:matplotlib.mathtext:Font 'default' does not have a glyph for '\uc608' [U+c608], substituting with a dummy symbol.
WARNING:matplotlib.mathtext:Font 'default' does not have a glyph for '\uce21' [U+ce21], substituting with a dummy symbol.
WARNING:matplotlib.mathtext:Font 'default' does not have a glyph for '\uc608' [U+c608], substituting with a dummy symbol.
WARNING:matplotlib.mathtext:Font 'default' does not have a glyph for '\uce21' [U+ce21], substituting with a dummy symbol.
WARNING:matplotlib.mathtext:Font 'default' does not have a glyph for '\uc2e4' [U+c2e4], substituting with a dummy symbol.
WARNING:matplotlib.mathtext:Font 'default' does not have a glyph for '\uc81c' [U+c81c], substituting with a dummy symbol.
WARNING:matplotlib.mathtext:Font 'default' does not have a glyph for '\uc608' [U+c608], substituting with a dummy symbol.
WARNING:matplotlib.mathtext:Font 'default' does not have a glyph for '\uce21' [U+ce21], substituting with a dummy symbol.
WARNING:matplotlib.mathtext:Font 'default' does not have a glyph for '\uc608' [U+c608], substituting with a dummy symbol.
WARNING:matplotlib.mathtext:Font 'default' does not have a glyph for '\uce21' [U+ce21], substituting with a dummy symbol.
WARNING:matplotlib.mathtext:Font 'default' does not have a glyph for '\uc2e4' [U+c2e4], substituting with a dummy symbol.
WARNING:matplotlib.mathtext:Font 'default' does not have a glyph for '\uc81c' [U+c81c], substituting with a dummy symbol.
WARNING:matplotlib.mathtext:Font 'default' does not have a glyph for '\uc608' [U+c608], substituting with a dummy symbol.
WARNING:matplotlib.mathtext:Font 'default' does not have a glyph for '\uce21' [U+ce21], substituting with a dummy symbol.
WARNING:matplotlib.mathtext:Font 'default' does not have a glyph for '\uc608' [U+c608], substituting with a dummy symbol.
WARNING:matplotlib.mathtext:Font 'default' does not have a glyph for '\uce21' [U+ce21], substituting with a dummy symbol.
WARNING:matplotlib.mathtext:Font 'default' does not have a glyph for '\uc2e4' [U+c2e4], substituting with a dummy symbol.
WARNING:matplotlib.mathtext:Font 'default' does not have a glyph for '\uc81c' [U+c81c], substituting with a dummy symbol.
WARNING:matplotlib.mathtext:Font 'default' does not have a glyph for '\uc608' [U+c608], substituting with a dummy symbol.
WARNING:matplotlib.mathtext:Font 'default' does not have a glyph for '\uce21' [U+ce21], substituting with a dummy symbol.
WARNING:matplotlib.mathtext:Font 'default' does not have a glyph for '\uc608' [U+c608], substituting with a dummy symbol.
WARNING:matplotlib.mathtext:Font 'default' does not have a glyph for '\uce21' [U+ce21], substituting with a dummy symbol.
WARNING:matplotlib.mathtext:Font 'default' does not have a glyph for '\uc2e4' [U+c2e4], substituting with a dummy symbol.
WARNING:matplotlib.mathtext:Font 'default' does not have a glyph for '\uc81c' [U+c81c], substituting with a dummy symbol.
WARNING:matplotlib.mathtext:Font 'default' does not have a glyph for '\uc608' [U+c608], substituting with a dummy symbol.
WARNING:matplotlib.mathtext:Font 'default' does not have a glyph for '\uce21' [U+ce21], substituting with a dummy symbol.
WARNING:matplotlib.mathtext:Font 'default' does not have a glyph for '\uc608' [U+c608], substituting with a dummy symbol.
WARNING:matplotlib.mathtext:Font 'default' does not have a glyph for '\uce21' [U+ce21], substituting with a dummy symbol.
WARNING:matplotlib.mathtext:Font 'default' does not have a glyph for '\uc2e4' [U+c2e4], substituting with a dummy symbol.
WARNING:matplotlib.mathtext:Font 'default' does not have a glyph for '\uc81c' [U+c81c], substituting with a dummy symbol.
WARNING:matplotlib.mathtext:Font 'default' does not have a glyph for '\uc608' [U+c608], substituting with a dummy symbol.
WARNING:matplotlib.mathtext:Font 'default' does not have a glyph for '\uce21' [U+ce21], substituting with a dummy symbol.
WARNING:matplotlib.mathtext:Font 'default' does not have a glyph for '\uc608' [U+c608], substituting with a dummy symbol.
WARNING:matplotlib.mathtext:Font 'default' does not have a glyph for '\uce21' [U+ce21], substituting with a dummy symbol.
WARNING:py.warnings:<>:52: DeprecationWarning: invalid escape sequence '\h'

WARNING:py.warnings:<>:60: DeprecationWarning: invalid escape sequence '\h'

WARNING:py.warnings:<>:52: DeprecationWarning: invalid escape sequence '\h'

WARNING:py.warnings:<>:60: DeprecationWarning: invalid escape sequence '\h'

WARNING:py.warnings:C:\Users\admin\AppData\Local\Temp\ipykernel_11248\2697066217.py:52: DeprecationWarning: invalid escape sequence '\h'
  plt.ylabel("예측 Price : $\hat{Y}_i$")

WARNING:py.warnings:C:\Users\admin\AppData\Local\Temp\ipykernel_11248\2697066217.py:60: DeprecationWarning: invalid escape sequence '\h'
  plt.ylabel("예측 Price: $\hat{Y}_i$")

WARNING:py.warnings:<>:52: DeprecationWarning: invalid escape sequence '\h'

WARNING:py.warnings:<>:60: DeprecationWarning: invalid escape sequence '\h'

WARNING:py.warnings:<>:52: DeprecationWarning: invalid escape sequence '\h'

WARNING:py.warnings:<>:60: DeprecationWarning: invalid escape sequence '\h'

WARNING:py.warnings:C:\Users\admin\AppData\Local\Temp\ipykernel_11248\3744914980.py:52: DeprecationWarning: invalid escape sequence '\h'
  plt.ylabel("예측 Price : $\hat{Y}_i$")

WARNING:py.warnings:C:\Users\admin\AppData\Local\Temp\ipykernel_11248\3744914980.py:60: DeprecationWarning: invalid escape sequence '\h'
  plt.ylabel("예측 Price: $\hat{Y}_i$")

WARNING:py.warnings:<>:52: DeprecationWarning: invalid escape sequence '\h'

WARNING:py.warnings:<>:60: DeprecationWarning: invalid escape sequence '\h'

WARNING:py.warnings:<>:52: DeprecationWarning: invalid escape sequence '\h'

WARNING:py.warnings:<>:60: DeprecationWarning: invalid escape sequence '\h'

WARNING:py.warnings:C:\Users\admin\AppData\Local\Temp\ipykernel_11248\303215725.py:52: DeprecationWarning: invalid escape sequence '\h'
  plt.ylabel("예측 Price : $\hat{Y}_i$")

WARNING:py.warnings:C:\Users\admin\AppData\Local\Temp\ipykernel_11248\303215725.py:60: DeprecationWarning: invalid escape sequence '\h'
  plt.ylabel("예측 Price: $\hat{Y}_i$")

WARNING:matplotlib.mathtext:Font 'default' does not have a glyph for '\uc2e4' [U+c2e4], substituting with a dummy symbol.
WARNING:matplotlib.mathtext:Font 'default' does not have a glyph for '\uc81c' [U+c81c], substituting with a dummy symbol.
WARNING:matplotlib.mathtext:Font 'default' does not have a glyph for '\uc608' [U+c608], substituting with a dummy symbol.
WARNING:matplotlib.mathtext:Font 'default' does not have a glyph for '\uce21' [U+ce21], substituting with a dummy symbol.
WARNING:matplotlib.mathtext:Font 'default' does not have a glyph for '\uc608' [U+c608], substituting with a dummy symbol.
WARNING:matplotlib.mathtext:Font 'default' does not have a glyph for '\uce21' [U+ce21], substituting with a dummy symbol.
WARNING:matplotlib.mathtext:Font 'default' does not have a glyph for '\uc2e4' [U+c2e4], substituting with a dummy symbol.
WARNING:matplotlib.mathtext:Font 'default' does not have a glyph for '\uc81c' [U+c81c], substituting with a dummy symbol.
WARNING:matplotlib.mathtext:Font 'default' does not have a glyph for '\uc608' [U+c608], substituting with a dummy symbol.
WARNING:matplotlib.mathtext:Font 'default' does not have a glyph for '\uce21' [U+ce21], substituting with a dummy symbol.
WARNING:matplotlib.mathtext:Font 'default' does not have a glyph for '\uc608' [U+c608], substituting with a dummy symbol.
WARNING:matplotlib.mathtext:Font 'default' does not have a glyph for '\uce21' [U+ce21], substituting with a dummy symbol.
WARNING:matplotlib.mathtext:Font 'default' does not have a glyph for '\uc2e4' [U+c2e4], substituting with a dummy symbol.
WARNING:matplotlib.mathtext:Font 'default' does not have a glyph for '\uc81c' [U+c81c], substituting with a dummy symbol.
WARNING:matplotlib.mathtext:Font 'default' does not have a glyph for '\uc608' [U+c608], substituting with a dummy symbol.
WARNING:matplotlib.mathtext:Font 'default' does not have a glyph for '\uce21' [U+ce21], substituting with a dummy symbol.
WARNING:matplotlib.mathtext:Font 'default' does not have a glyph for '\uc608' [U+c608], substituting with a dummy symbol.
WARNING:matplotlib.mathtext:Font 'default' does not have a glyph for '\uce21' [U+ce21], substituting with a dummy symbol.
WARNING:matplotlib.mathtext:Font 'default' does not have a glyph for '\uc2e4' [U+c2e4], substituting with a dummy symbol.
WARNING:matplotlib.mathtext:Font 'default' does not have a glyph for '\uc81c' [U+c81c], substituting with a dummy symbol.
WARNING:matplotlib.mathtext:Font 'default' does not have a glyph for '\uc608' [U+c608], substituting with a dummy symbol.
WARNING:matplotlib.mathtext:Font 'default' does not have a glyph for '\uce21' [U+ce21], substituting with a dummy symbol.
WARNING:matplotlib.mathtext:Font 'default' does not have a glyph for '\uc608' [U+c608], substituting with a dummy symbol.
WARNING:matplotlib.mathtext:Font 'default' does not have a glyph for '\uce21' [U+ce21], substituting with a dummy symbol.
WARNING:matplotlib.mathtext:Font 'default' does not have a glyph for '\uc2e4' [U+c2e4], substituting with a dummy symbol.
WARNING:matplotlib.mathtext:Font 'default' does not have a glyph for '\uc81c' [U+c81c], substituting with a dummy symbol.
WARNING:matplotlib.mathtext:Font 'default' does not have a glyph for '\uc608' [U+c608], substituting with a dummy symbol.
WARNING:matplotlib.mathtext:Font 'default' does not have a glyph for '\uce21' [U+ce21], substituting with a dummy symbol.
WARNING:matplotlib.mathtext:Font 'default' does not have a glyph for '\uc608' [U+c608], substituting with a dummy symbol.
WARNING:matplotlib.mathtext:Font 'default' does not have a glyph for '\uce21' [U+ce21], substituting with a dummy symbol.
WARNING:matplotlib.mathtext:Font 'default' does not have a glyph for '\uc2e4' [U+c2e4], substituting with a dummy symbol.
WARNING:matplotlib.mathtext:Font 'default' does not have a glyph for '\uc81c' [U+c81c], substituting with a dummy symbol.
WARNING:matplotlib.mathtext:Font 'default' does not have a glyph for '\uc608' [U+c608], substituting with a dummy symbol.
WARNING:matplotlib.mathtext:Font 'default' does not have a glyph for '\uce21' [U+ce21], substituting with a dummy symbol.
WARNING:matplotlib.mathtext:Font 'default' does not have a glyph for '\uc608' [U+c608], substituting with a dummy symbol.
WARNING:matplotlib.mathtext:Font 'default' does not have a glyph for '\uce21' [U+ce21], substituting with a dummy symbol.
WARNING:matplotlib.mathtext:Font 'default' does not have a glyph for '\uc2e4' [U+c2e4], substituting with a dummy symbol.
WARNING:matplotlib.mathtext:Font 'default' does not have a glyph for '\uc81c' [U+c81c], substituting with a dummy symbol.
WARNING:matplotlib.mathtext:Font 'default' does not have a glyph for '\uc608' [U+c608], substituting with a dummy symbol.
WARNING:matplotlib.mathtext:Font 'default' does not have a glyph for '\uce21' [U+ce21], substituting with a dummy symbol.
WARNING:matplotlib.mathtext:Font 'default' does not have a glyph for '\uc608' [U+c608], substituting with a dummy symbol.
WARNING:matplotlib.mathtext:Font 'default' does not have a glyph for '\uce21' [U+ce21], substituting with a dummy symbol.
WARNING:matplotlib.mathtext:Font 'default' does not have a glyph for '\uc2e4' [U+c2e4], substituting with a dummy symbol.
WARNING:matplotlib.mathtext:Font 'default' does not have a glyph for '\uc81c' [U+c81c], substituting with a dummy symbol.
WARNING:matplotlib.mathtext:Font 'default' does not have a glyph for '\uc608' [U+c608], substituting with a dummy symbol.
WARNING:matplotlib.mathtext:Font 'default' does not have a glyph for '\uce21' [U+ce21], substituting with a dummy symbol.
WARNING:matplotlib.mathtext:Font 'default' does not have a glyph for '\uc608' [U+c608], substituting with a dummy symbol.
WARNING:matplotlib.mathtext:Font 'default' does not have a glyph for '\uce21' [U+ce21], substituting with a dummy symbol.
WARNING:matplotlib.mathtext:Font 'default' does not have a glyph for '\uc2e4' [U+c2e4], substituting with a dummy symbol.
WARNING:matplotlib.mathtext:Font 'default' does not have a glyph for '\uc81c' [U+c81c], substituting with a dummy symbol.
WARNING:matplotlib.mathtext:Font 'default' does not have a glyph for '\uc608' [U+c608], substituting with a dummy symbol.
WARNING:matplotlib.mathtext:Font 'default' does not have a glyph for '\uce21' [U+ce21], substituting with a dummy symbol.
WARNING:matplotlib.mathtext:Font 'default' does not have a glyph for '\uc608' [U+c608], substituting with a dummy symbol.
WARNING:matplotlib.mathtext:Font 'default' does not have a glyph for '\uce21' [U+ce21], substituting with a dummy symbol.
WARNING:matplotlib.mathtext:Font 'default' does not have a glyph for '\uc2e4' [U+c2e4], substituting with a dummy symbol.
WARNING:matplotlib.mathtext:Font 'default' does not have a glyph for '\uc81c' [U+c81c], substituting with a dummy symbol.
WARNING:matplotlib.mathtext:Font 'default' does not have a glyph for '\uc608' [U+c608], substituting with a dummy symbol.
WARNING:matplotlib.mathtext:Font 'default' does not have a glyph for '\uce21' [U+ce21], substituting with a dummy symbol.
WARNING:matplotlib.mathtext:Font 'default' does not have a glyph for '\uc608' [U+c608], substituting with a dummy symbol.
WARNING:matplotlib.mathtext:Font 'default' does not have a glyph for '\uce21' [U+ce21], substituting with a dummy symbol.
WARNING:matplotlib.mathtext:Font 'default' does not have a glyph for '\uc2e4' [U+c2e4], substituting with a dummy symbol.
WARNING:matplotlib.mathtext:Font 'default' does not have a glyph for '\uc81c' [U+c81c], substituting with a dummy symbol.
WARNING:matplotlib.mathtext:Font 'default' does not have a glyph for '\uc608' [U+c608], substituting with a dummy symbol.
WARNING:matplotlib.mathtext:Font 'default' does not have a glyph for '\uce21' [U+ce21], substituting with a dummy symbol.
WARNING:matplotlib.mathtext:Font 'default' does not have a glyph for '\uc608' [U+c608], substituting with a dummy symbol.
WARNING:matplotlib.mathtext:Font 'default' does not have a glyph for '\uce21' [U+ce21], substituting with a dummy symbol.
WARNING:matplotlib.mathtext:Font 'default' does not have a glyph for '\uc2e4' [U+c2e4], substituting with a dummy symbol.
WARNING:matplotlib.mathtext:Font 'default' does not have a glyph for '\uc81c' [U+c81c], substituting with a dummy symbol.
WARNING:matplotlib.mathtext:Font 'default' does not have a glyph for '\uc608' [U+c608], substituting with a dummy symbol.
WARNING:matplotlib.mathtext:Font 'default' does not have a glyph for '\uce21' [U+ce21], substituting with a dummy symbol.
WARNING:matplotlib.mathtext:Font 'default' does not have a glyph for '\uc608' [U+c608], substituting with a dummy symbol.
WARNING:matplotlib.mathtext:Font 'default' does not have a glyph for '\uce21' [U+ce21], substituting with a dummy symbol.
WARNING:matplotlib.mathtext:Font 'default' does not have a glyph for '\uc2e4' [U+c2e4], substituting with a dummy symbol.
WARNING:matplotlib.mathtext:Font 'default' does not have a glyph for '\uc81c' [U+c81c], substituting with a dummy symbol.
WARNING:matplotlib.mathtext:Font 'default' does not have a glyph for '\uc608' [U+c608], substituting with a dummy symbol.
WARNING:matplotlib.mathtext:Font 'default' does not have a glyph for '\uce21' [U+ce21], substituting with a dummy symbol.
WARNING:matplotlib.mathtext:Font 'default' does not have a glyph for '\uc608' [U+c608], substituting with a dummy symbol.
WARNING:matplotlib.mathtext:Font 'default' does not have a glyph for '\uce21' [U+ce21], substituting with a dummy symbol.
WARNING:matplotlib.mathtext:Font 'default' does not have a glyph for '\uc2e4' [U+c2e4], substituting with a dummy symbol.
WARNING:matplotlib.mathtext:Font 'default' does not have a glyph for '\uc81c' [U+c81c], substituting with a dummy symbol.
WARNING:matplotlib.mathtext:Font 'default' does not have a glyph for '\uc608' [U+c608], substituting with a dummy symbol.
WARNING:matplotlib.mathtext:Font 'default' does not have a glyph for '\uce21' [U+ce21], substituting with a dummy symbol.
WARNING:matplotlib.mathtext:Font 'default' does not have a glyph for '\uc608' [U+c608], substituting with a dummy symbol.
WARNING:matplotlib.mathtext:Font 'default' does not have a glyph for '\uce21' [U+ce21], substituting with a dummy symbol.
WARNING:py.warnings:<>:57: DeprecationWarning: invalid escape sequence '\h'

WARNING:py.warnings:<>:65: DeprecationWarning: invalid escape sequence '\h'

WARNING:py.warnings:<>:57: DeprecationWarning: invalid escape sequence '\h'

WARNING:py.warnings:<>:65: DeprecationWarning: invalid escape sequence '\h'

WARNING:py.warnings:C:\Users\admin\AppData\Local\Temp\ipykernel_11248\2499978598.py:57: DeprecationWarning: invalid escape sequence '\h'
  plt.ylabel("예측 Price : $\hat{Y}_i$")

WARNING:py.warnings:C:\Users\admin\AppData\Local\Temp\ipykernel_11248\2499978598.py:65: DeprecationWarning: invalid escape sequence '\h'
  plt.ylabel("예측 Price: $\hat{Y}_i$")

WARNING:matplotlib.mathtext:Font 'default' does not have a glyph for '\uc2e4' [U+c2e4], substituting with a dummy symbol.
WARNING:matplotlib.mathtext:Font 'default' does not have a glyph for '\uc81c' [U+c81c], substituting with a dummy symbol.
WARNING:matplotlib.mathtext:Font 'default' does not have a glyph for '\uc608' [U+c608], substituting with a dummy symbol.
WARNING:matplotlib.mathtext:Font 'default' does not have a glyph for '\uce21' [U+ce21], substituting with a dummy symbol.
WARNING:matplotlib.mathtext:Font 'default' does not have a glyph for '\uc608' [U+c608], substituting with a dummy symbol.
WARNING:matplotlib.mathtext:Font 'default' does not have a glyph for '\uce21' [U+ce21], substituting with a dummy symbol.
WARNING:matplotlib.mathtext:Font 'default' does not have a glyph for '\uc2e4' [U+c2e4], substituting with a dummy symbol.
WARNING:matplotlib.mathtext:Font 'default' does not have a glyph for '\uc81c' [U+c81c], substituting with a dummy symbol.
WARNING:matplotlib.mathtext:Font 'default' does not have a glyph for '\uc608' [U+c608], substituting with a dummy symbol.
WARNING:matplotlib.mathtext:Font 'default' does not have a glyph for '\uce21' [U+ce21], substituting with a dummy symbol.
WARNING:matplotlib.mathtext:Font 'default' does not have a glyph for '\uc608' [U+c608], substituting with a dummy symbol.
WARNING:matplotlib.mathtext:Font 'default' does not have a glyph for '\uce21' [U+ce21], substituting with a dummy symbol.
WARNING:matplotlib.mathtext:Font 'default' does not have a glyph for '\uc2e4' [U+c2e4], substituting with a dummy symbol.
WARNING:matplotlib.mathtext:Font 'default' does not have a glyph for '\uc81c' [U+c81c], substituting with a dummy symbol.
WARNING:matplotlib.mathtext:Font 'default' does not have a glyph for '\uc608' [U+c608], substituting with a dummy symbol.
WARNING:matplotlib.mathtext:Font 'default' does not have a glyph for '\uce21' [U+ce21], substituting with a dummy symbol.
WARNING:matplotlib.mathtext:Font 'default' does not have a glyph for '\uc608' [U+c608], substituting with a dummy symbol.
WARNING:matplotlib.mathtext:Font 'default' does not have a glyph for '\uce21' [U+ce21], substituting with a dummy symbol.
WARNING:matplotlib.mathtext:Font 'default' does not have a glyph for '\uc2e4' [U+c2e4], substituting with a dummy symbol.
WARNING:matplotlib.mathtext:Font 'default' does not have a glyph for '\uc81c' [U+c81c], substituting with a dummy symbol.
WARNING:matplotlib.mathtext:Font 'default' does not have a glyph for '\uc608' [U+c608], substituting with a dummy symbol.
WARNING:matplotlib.mathtext:Font 'default' does not have a glyph for '\uce21' [U+ce21], substituting with a dummy symbol.
WARNING:matplotlib.mathtext:Font 'default' does not have a glyph for '\uc608' [U+c608], substituting with a dummy symbol.
WARNING:matplotlib.mathtext:Font 'default' does not have a glyph for '\uce21' [U+ce21], substituting with a dummy symbol.
WARNING:matplotlib.mathtext:Font 'default' does not have a glyph for '\uc2e4' [U+c2e4], substituting with a dummy symbol.
WARNING:matplotlib.mathtext:Font 'default' does not have a glyph for '\uc81c' [U+c81c], substituting with a dummy symbol.
WARNING:matplotlib.mathtext:Font 'default' does not have a glyph for '\uc608' [U+c608], substituting with a dummy symbol.
WARNING:matplotlib.mathtext:Font 'default' does not have a glyph for '\uce21' [U+ce21], substituting with a dummy symbol.
WARNING:matplotlib.mathtext:Font 'default' does not have a glyph for '\uc608' [U+c608], substituting with a dummy symbol.
WARNING:matplotlib.mathtext:Font 'default' does not have a glyph for '\uce21' [U+ce21], substituting with a dummy symbol.
WARNING:matplotlib.mathtext:Font 'default' does not have a glyph for '\uc2e4' [U+c2e4], substituting with a dummy symbol.
WARNING:matplotlib.mathtext:Font 'default' does not have a glyph for '\uc81c' [U+c81c], substituting with a dummy symbol.
WARNING:matplotlib.mathtext:Font 'default' does not have a glyph for '\uc608' [U+c608], substituting with a dummy symbol.
WARNING:matplotlib.mathtext:Font 'default' does not have a glyph for '\uce21' [U+ce21], substituting with a dummy symbol.
WARNING:matplotlib.mathtext:Font 'default' does not have a glyph for '\uc608' [U+c608], substituting with a dummy symbol.
WARNING:matplotlib.mathtext:Font 'default' does not have a glyph for '\uce21' [U+ce21], substituting with a dummy symbol.
WARNING:matplotlib.mathtext:Font 'default' does not have a glyph for '\uc2e4' [U+c2e4], substituting with a dummy symbol.
WARNING:matplotlib.mathtext:Font 'default' does not have a glyph for '\uc81c' [U+c81c], substituting with a dummy symbol.
WARNING:matplotlib.mathtext:Font 'default' does not have a glyph for '\uc608' [U+c608], substituting with a dummy symbol.
WARNING:matplotlib.mathtext:Font 'default' does not have a glyph for '\uce21' [U+ce21], substituting with a dummy symbol.
WARNING:matplotlib.mathtext:Font 'default' does not have a glyph for '\uc608' [U+c608], substituting with a dummy symbol.
WARNING:matplotlib.mathtext:Font 'default' does not have a glyph for '\uce21' [U+ce21], substituting with a dummy symbol.
WARNING:matplotlib.mathtext:Font 'default' does not have a glyph for '\uc2e4' [U+c2e4], substituting with a dummy symbol.
WARNING:matplotlib.mathtext:Font 'default' does not have a glyph for '\uc81c' [U+c81c], substituting with a dummy symbol.
WARNING:matplotlib.mathtext:Font 'default' does not have a glyph for '\uc608' [U+c608], substituting with a dummy symbol.
WARNING:matplotlib.mathtext:Font 'default' does not have a glyph for '\uce21' [U+ce21], substituting with a dummy symbol.
WARNING:matplotlib.mathtext:Font 'default' does not have a glyph for '\uc608' [U+c608], substituting with a dummy symbol.
WARNING:matplotlib.mathtext:Font 'default' does not have a glyph for '\uce21' [U+ce21], substituting with a dummy symbol.
WARNING:matplotlib.mathtext:Font 'default' does not have a glyph for '\uc2e4' [U+c2e4], substituting with a dummy symbol.
WARNING:matplotlib.mathtext:Font 'default' does not have a glyph for '\uc81c' [U+c81c], substituting with a dummy symbol.
WARNING:matplotlib.mathtext:Font 'default' does not have a glyph for '\uc608' [U+c608], substituting with a dummy symbol.
WARNING:matplotlib.mathtext:Font 'default' does not have a glyph for '\uce21' [U+ce21], substituting with a dummy symbol.
WARNING:matplotlib.mathtext:Font 'default' does not have a glyph for '\uc608' [U+c608], substituting with a dummy symbol.
WARNING:matplotlib.mathtext:Font 'default' does not have a glyph for '\uce21' [U+ce21], substituting with a dummy symbol.
WARNING:matplotlib.mathtext:Font 'default' does not have a glyph for '\uc2e4' [U+c2e4], substituting with a dummy symbol.
WARNING:matplotlib.mathtext:Font 'default' does not have a glyph for '\uc81c' [U+c81c], substituting with a dummy symbol.
WARNING:matplotlib.mathtext:Font 'default' does not have a glyph for '\uc608' [U+c608], substituting with a dummy symbol.
WARNING:matplotlib.mathtext:Font 'default' does not have a glyph for '\uce21' [U+ce21], substituting with a dummy symbol.
WARNING:matplotlib.mathtext:Font 'default' does not have a glyph for '\uc608' [U+c608], substituting with a dummy symbol.
WARNING:matplotlib.mathtext:Font 'default' does not have a glyph for '\uce21' [U+ce21], substituting with a dummy symbol.
WARNING:matplotlib.mathtext:Font 'default' does not have a glyph for '\uc2e4' [U+c2e4], substituting with a dummy symbol.
WARNING:matplotlib.mathtext:Font 'default' does not have a glyph for '\uc81c' [U+c81c], substituting with a dummy symbol.
WARNING:matplotlib.mathtext:Font 'default' does not have a glyph for '\uc608' [U+c608], substituting with a dummy symbol.
WARNING:matplotlib.mathtext:Font 'default' does not have a glyph for '\uce21' [U+ce21], substituting with a dummy symbol.
WARNING:matplotlib.mathtext:Font 'default' does not have a glyph for '\uc608' [U+c608], substituting with a dummy symbol.
WARNING:matplotlib.mathtext:Font 'default' does not have a glyph for '\uce21' [U+ce21], substituting with a dummy symbol.
WARNING:matplotlib.mathtext:Font 'default' does not have a glyph for '\uc2e4' [U+c2e4], substituting with a dummy symbol.
WARNING:matplotlib.mathtext:Font 'default' does not have a glyph for '\uc81c' [U+c81c], substituting with a dummy symbol.
WARNING:matplotlib.mathtext:Font 'default' does not have a glyph for '\uc608' [U+c608], substituting with a dummy symbol.
WARNING:matplotlib.mathtext:Font 'default' does not have a glyph for '\uce21' [U+ce21], substituting with a dummy symbol.
WARNING:matplotlib.mathtext:Font 'default' does not have a glyph for '\uc608' [U+c608], substituting with a dummy symbol.
WARNING:matplotlib.mathtext:Font 'default' does not have a glyph for '\uce21' [U+ce21], substituting with a dummy symbol.
WARNING:matplotlib.mathtext:Font 'default' does not have a glyph for '\uc2e4' [U+c2e4], substituting with a dummy symbol.
WARNING:matplotlib.mathtext:Font 'default' does not have a glyph for '\uc81c' [U+c81c], substituting with a dummy symbol.
WARNING:matplotlib.mathtext:Font 'default' does not have a glyph for '\uc608' [U+c608], substituting with a dummy symbol.
WARNING:matplotlib.mathtext:Font 'default' does not have a glyph for '\uce21' [U+ce21], substituting with a dummy symbol.
WARNING:matplotlib.mathtext:Font 'default' does not have a glyph for '\uc608' [U+c608], substituting with a dummy symbol.
WARNING:matplotlib.mathtext:Font 'default' does not have a glyph for '\uce21' [U+ce21], substituting with a dummy symbol.
WARNING:matplotlib.mathtext:Font 'default' does not have a glyph for '\uc2e4' [U+c2e4], substituting with a dummy symbol.
WARNING:matplotlib.mathtext:Font 'default' does not have a glyph for '\uc81c' [U+c81c], substituting with a dummy symbol.
WARNING:matplotlib.mathtext:Font 'default' does not have a glyph for '\uc608' [U+c608], substituting with a dummy symbol.
WARNING:matplotlib.mathtext:Font 'default' does not have a glyph for '\uce21' [U+ce21], substituting with a dummy symbol.
WARNING:matplotlib.mathtext:Font 'default' does not have a glyph for '\uc608' [U+c608], substituting with a dummy symbol.
WARNING:matplotlib.mathtext:Font 'default' does not have a glyph for '\uce21' [U+ce21], substituting with a dummy symbol.
WARNING:py.warnings:<>:55: DeprecationWarning: invalid escape sequence '\h'

WARNING:py.warnings:<>:63: DeprecationWarning: invalid escape sequence '\h'

WARNING:py.warnings:<>:55: DeprecationWarning: invalid escape sequence '\h'

WARNING:py.warnings:<>:63: DeprecationWarning: invalid escape sequence '\h'

WARNING:py.warnings:C:\Users\admin\AppData\Local\Temp\ipykernel_11248\716261465.py:55: DeprecationWarning: invalid escape sequence '\h'
  plt.ylabel("예측 Price : $\hat{Y}_i$")

WARNING:py.warnings:C:\Users\admin\AppData\Local\Temp\ipykernel_11248\716261465.py:63: DeprecationWarning: invalid escape sequence '\h'
  plt.ylabel("예측 Price: $\hat{Y}_i$")

WARNING:py.warnings:<>:55: DeprecationWarning: invalid escape sequence '\h'

WARNING:py.warnings:<>:63: DeprecationWarning: invalid escape sequence '\h'

WARNING:py.warnings:<>:55: DeprecationWarning: invalid escape sequence '\h'

WARNING:py.warnings:<>:63: DeprecationWarning: invalid escape sequence '\h'

WARNING:py.warnings:C:\Users\admin\AppData\Local\Temp\ipykernel_11248\2522408465.py:55: DeprecationWarning: invalid escape sequence '\h'
  plt.ylabel("예측 Price : $\hat{Y}_i$")

WARNING:py.warnings:C:\Users\admin\AppData\Local\Temp\ipykernel_11248\2522408465.py:63: DeprecationWarning: invalid escape sequence '\h'
  plt.ylabel("예측 Price: $\hat{Y}_i$")

WARNING:py.warnings:<>:30: DeprecationWarning: invalid escape sequence '\h'

WARNING:py.warnings:<>:32: DeprecationWarning: invalid escape sequence '\h'

WARNING:py.warnings:<>:30: DeprecationWarning: invalid escape sequence '\h'

WARNING:py.warnings:<>:32: DeprecationWarning: invalid escape sequence '\h'

WARNING:py.warnings:C:\Users\admin\AppData\Local\Temp\ipykernel_11248\1517261890.py:30: DeprecationWarning: invalid escape sequence '\h'
  plt.ylabel("예측 Price : $\hat{Y}_i$")

WARNING:py.warnings:C:\Users\admin\AppData\Local\Temp\ipykernel_11248\1517261890.py:32: DeprecationWarning: invalid escape sequence '\h'
  plt.title("예측된 Price of train set vs 실제 Price ($Y_i$ vs $\hat{Y}_i$), " + f"alpha={alpha_value}")

WARNING:matplotlib.mathtext:Font 'default' does not have a glyph for '\uc2e4' [U+c2e4], substituting with a dummy symbol.
WARNING:matplotlib.mathtext:Font 'default' does not have a glyph for '\uc81c' [U+c81c], substituting with a dummy symbol.
WARNING:matplotlib.mathtext:Font 'default' does not have a glyph for '\uc608' [U+c608], substituting with a dummy symbol.
WARNING:matplotlib.mathtext:Font 'default' does not have a glyph for '\uce21' [U+ce21], substituting with a dummy symbol.
WARNING:matplotlib.mathtext:Font 'default' does not have a glyph for '\ub41c' [U+b41c], substituting with a dummy symbol.
WARNING:matplotlib.mathtext:Font 'default' does not have a glyph for '\uc2e4' [U+c2e4], substituting with a dummy symbol.
WARNING:matplotlib.mathtext:Font 'default' does not have a glyph for '\uc81c' [U+c81c], substituting with a dummy symbol.
WARNING:matplotlib.mathtext:Font 'default' does not have a glyph for '\uc608' [U+c608], substituting with a dummy symbol.
WARNING:matplotlib.mathtext:Font 'default' does not have a glyph for '\uce21' [U+ce21], substituting with a dummy symbol.
WARNING:matplotlib.mathtext:Font 'default' does not have a glyph for '\uc2e4' [U+c2e4], substituting with a dummy symbol.
WARNING:matplotlib.mathtext:Font 'default' does not have a glyph for '\uc81c' [U+c81c], substituting with a dummy symbol.
WARNING:matplotlib.mathtext:Font 'default' does not have a glyph for '\uc608' [U+c608], substituting with a dummy symbol.
WARNING:matplotlib.mathtext:Font 'default' does not have a glyph for '\uce21' [U+ce21], substituting with a dummy symbol.
WARNING:matplotlib.mathtext:Font 'default' does not have a glyph for '\ub41c' [U+b41c], substituting with a dummy symbol.
WARNING:matplotlib.mathtext:Font 'default' does not have a glyph for '\uc2e4' [U+c2e4], substituting with a dummy symbol.
WARNING:matplotlib.mathtext:Font 'default' does not have a glyph for '\uc81c' [U+c81c], substituting with a dummy symbol.
WARNING:matplotlib.mathtext:Font 'default' does not have a glyph for '\uc608' [U+c608], substituting with a dummy symbol.
WARNING:matplotlib.mathtext:Font 'default' does not have a glyph for '\uce21' [U+ce21], substituting with a dummy symbol.
WARNING:py.warnings:<>:30: DeprecationWarning: invalid escape sequence '\h'

WARNING:py.warnings:<>:32: DeprecationWarning: invalid escape sequence '\h'

WARNING:py.warnings:<>:30: DeprecationWarning: invalid escape sequence '\h'

WARNING:py.warnings:<>:32: DeprecationWarning: invalid escape sequence '\h'

WARNING:py.warnings:C:\Users\admin\AppData\Local\Temp\ipykernel_11248\259989323.py:30: DeprecationWarning: invalid escape sequence '\h'
  plt.ylabel("예측 Price : $\hat{Y}_i$")

WARNING:py.warnings:C:\Users\admin\AppData\Local\Temp\ipykernel_11248\259989323.py:32: DeprecationWarning: invalid escape sequence '\h'
  plt.title("예측된 Price of train set vs 실제 Price ($Y_i$ vs $\hat{Y}_i$), " + f"alpha={alpha_value}")

WARNING:py.warnings:<>:55: DeprecationWarning: invalid escape sequence '\h'

WARNING:py.warnings:<>:63: DeprecationWarning: invalid escape sequence '\h'

WARNING:py.warnings:<>:55: DeprecationWarning: invalid escape sequence '\h'

WARNING:py.warnings:<>:63: DeprecationWarning: invalid escape sequence '\h'

WARNING:py.warnings:C:\Users\admin\AppData\Local\Temp\ipykernel_11248\2522408465.py:55: DeprecationWarning: invalid escape sequence '\h'
  plt.ylabel("예측 Price : $\hat{Y}_i$")

WARNING:py.warnings:C:\Users\admin\AppData\Local\Temp\ipykernel_11248\2522408465.py:63: DeprecationWarning: invalid escape sequence '\h'
  plt.ylabel("예측 Price: $\hat{Y}_i$")

WARNING:py.warnings:<>:30: DeprecationWarning: invalid escape sequence '\h'

WARNING:py.warnings:<>:32: DeprecationWarning: invalid escape sequence '\h'

WARNING:py.warnings:<>:30: DeprecationWarning: invalid escape sequence '\h'

WARNING:py.warnings:<>:32: DeprecationWarning: invalid escape sequence '\h'

WARNING:py.warnings:C:\Users\admin\AppData\Local\Temp\ipykernel_11248\259989323.py:30: DeprecationWarning: invalid escape sequence '\h'
  plt.ylabel("예측 Price : $\hat{Y}_i$")

WARNING:py.warnings:C:\Users\admin\AppData\Local\Temp\ipykernel_11248\259989323.py:32: DeprecationWarning: invalid escape sequence '\h'
  plt.title("예측된 Price of train set vs 실제 Price ($Y_i$ vs $\hat{Y}_i$), " + f"alpha={alpha_value}")

WARNING:py.warnings:<>:55: DeprecationWarning: invalid escape sequence '\h'

WARNING:py.warnings:<>:63: DeprecationWarning: invalid escape sequence '\h'

WARNING:py.warnings:<>:55: DeprecationWarning: invalid escape sequence '\h'

WARNING:py.warnings:<>:63: DeprecationWarning: invalid escape sequence '\h'

WARNING:py.warnings:C:\Users\admin\AppData\Local\Temp\ipykernel_11248\2522408465.py:55: DeprecationWarning: invalid escape sequence '\h'
  plt.ylabel("예측 Price : $\hat{Y}_i$")

WARNING:py.warnings:C:\Users\admin\AppData\Local\Temp\ipykernel_11248\2522408465.py:63: DeprecationWarning: invalid escape sequence '\h'
  plt.ylabel("예측 Price: $\hat{Y}_i$")

WARNING:py.warnings:<>:30: DeprecationWarning: invalid escape sequence '\h'

WARNING:py.warnings:<>:32: DeprecationWarning: invalid escape sequence '\h'

WARNING:py.warnings:<>:30: DeprecationWarning: invalid escape sequence '\h'

WARNING:py.warnings:<>:32: DeprecationWarning: invalid escape sequence '\h'

WARNING:py.warnings:C:\Users\admin\AppData\Local\Temp\ipykernel_11248\259989323.py:30: DeprecationWarning: invalid escape sequence '\h'
  plt.ylabel("예측 Price : $\hat{Y}_i$")

WARNING:py.warnings:C:\Users\admin\AppData\Local\Temp\ipykernel_11248\259989323.py:32: DeprecationWarning: invalid escape sequence '\h'
  plt.title("예측된 Price of train set vs 실제 Price ($Y_i$ vs $\hat{Y}_i$), " + f"alpha={alpha_value}")

WARNING:py.warnings:<>:55: DeprecationWarning: invalid escape sequence '\h'

WARNING:py.warnings:<>:63: DeprecationWarning: invalid escape sequence '\h'

WARNING:py.warnings:<>:55: DeprecationWarning: invalid escape sequence '\h'

WARNING:py.warnings:<>:63: DeprecationWarning: invalid escape sequence '\h'

WARNING:py.warnings:C:\Users\admin\AppData\Local\Temp\ipykernel_11248\2522408465.py:55: DeprecationWarning: invalid escape sequence '\h'
  plt.ylabel("예측 Price : $\hat{Y}_i$")

WARNING:py.warnings:C:\Users\admin\AppData\Local\Temp\ipykernel_11248\2522408465.py:63: DeprecationWarning: invalid escape sequence '\h'
  plt.ylabel("예측 Price: $\hat{Y}_i$")

WARNING:py.warnings:C:\Users\admin\AppData\Local\Temp\ipykernel_11248\2522408465.py:55: DeprecationWarning: invalid escape sequence '\h'
  plt.ylabel("예측 Price : $\hat{Y}_i$")

WARNING:py.warnings:C:\Users\admin\AppData\Local\Temp\ipykernel_11248\2522408465.py:63: DeprecationWarning: invalid escape sequence '\h'
  plt.ylabel("예측 Price: $\hat{Y}_i$")

WARNING:py.warnings:<>:30: DeprecationWarning: invalid escape sequence '\h'

WARNING:py.warnings:<>:32: DeprecationWarning: invalid escape sequence '\h'

WARNING:py.warnings:<>:30: DeprecationWarning: invalid escape sequence '\h'

WARNING:py.warnings:<>:32: DeprecationWarning: invalid escape sequence '\h'

WARNING:py.warnings:C:\Users\admin\AppData\Local\Temp\ipykernel_11248\259989323.py:30: DeprecationWarning: invalid escape sequence '\h'
  plt.ylabel("예측 Price : $\hat{Y}_i$")

WARNING:py.warnings:C:\Users\admin\AppData\Local\Temp\ipykernel_11248\259989323.py:32: DeprecationWarning: invalid escape sequence '\h'
  plt.title("예측된 Price of train set vs 실제 Price ($Y_i$ vs $\hat{Y}_i$), " + f"alpha={alpha_value}")

WARNING:py.warnings:C:\Users\admin\AppData\Local\Temp\ipykernel_11248\259989323.py:30: DeprecationWarning: invalid escape sequence '\h'
  plt.ylabel("예측 Price : $\hat{Y}_i$")

WARNING:py.warnings:C:\Users\admin\AppData\Local\Temp\ipykernel_11248\259989323.py:32: DeprecationWarning: invalid escape sequence '\h'
  plt.title("예측된 Price of train set vs 실제 Price ($Y_i$ vs $\hat{Y}_i$), " + f"alpha={alpha_value}")

WARNING:py.warnings:<>:55: DeprecationWarning: invalid escape sequence '\h'

WARNING:py.warnings:<>:63: DeprecationWarning: invalid escape sequence '\h'

WARNING:py.warnings:<>:55: DeprecationWarning: invalid escape sequence '\h'

WARNING:py.warnings:<>:63: DeprecationWarning: invalid escape sequence '\h'

WARNING:py.warnings:C:\Users\admin\AppData\Local\Temp\ipykernel_11248\2522408465.py:55: DeprecationWarning: invalid escape sequence '\h'
  plt.ylabel("예측 Price : $\hat{Y}_i$")

WARNING:py.warnings:C:\Users\admin\AppData\Local\Temp\ipykernel_11248\2522408465.py:63: DeprecationWarning: invalid escape sequence '\h'
  plt.ylabel("예측 Price: $\hat{Y}_i$")

WARNING:py.warnings:<>:30: DeprecationWarning: invalid escape sequence '\h'

WARNING:py.warnings:<>:32: DeprecationWarning: invalid escape sequence '\h'

WARNING:py.warnings:<>:30: DeprecationWarning: invalid escape sequence '\h'

WARNING:py.warnings:<>:32: DeprecationWarning: invalid escape sequence '\h'

WARNING:py.warnings:C:\Users\admin\AppData\Local\Temp\ipykernel_11248\259989323.py:30: DeprecationWarning: invalid escape sequence '\h'
  plt.ylabel("예측 Price : $\hat{Y}_i$")

WARNING:py.warnings:C:\Users\admin\AppData\Local\Temp\ipykernel_11248\259989323.py:32: DeprecationWarning: invalid escape sequence '\h'
  plt.title("예측된 Price of train set vs 실제 Price ($Y_i$ vs $\hat{Y}_i$), " + f"alpha={alpha_value}")

